2021-11-24 munge_sumstats ac804597-c99a-4b76-9507-92035d2e3392 
2021-11-24 munge_sumstats 32f45d9a-0faf-45be-b34f-9d3beb11bd7a 
2021-11-24 munge_sumstats b8ac7d59-d30e-498b-b644-de34ce223045 
2021-11-24 munge_sumstats 3b512e3e-dd37-4a6a-97ee-66643332e206 
2021-11-24 munge_sumstats 1d9fa7e3-1825-4b6a-b29a-0cda360314fc 
2021-11-24 munge_sumstats 856604b9-3451-4743-bb6d-362b660a58ad 
2021-11-24 munge_sumstats 2e761603-c0d9-46a0-969c-ad7631b01dcb 
2021-11-25 munge_sumstats c8335648-6355-450a-9bb7-654ffaa8406e 
2022-03-30 format dbab7c57-7f98-4372-af5a-079089383203 
2022-03-30 munge 1ee51567-996a-417b-ac25-ad3c07a8da51 
2022-03-31 format 1ac66600-2bfb-49f0-be81-4638ac5eb55e 
2022-03-31 munge f1b4f73d-fbfe-41ac-8c25-289f603defaa 
2022-03-31 munge 5a017015-8441-493d-b383-b30d15f93bd0 
2022-04-01 meta 20f6a6cf-33e9-4b9b-81d2-14edf9ae1760 
2022-04-01 meta 90502846-eef0-4302-99b9-03c8fe1ea1f6 
2022-04-01 meta b7cb7883-b108-46ba-a140-f93f36907eb7 
2022-04-01 meta d1ff9d65-4c03-4344-b0bf-da85c236a76a 
2022-04-01 meta f57e3ddb-4fc6-4261-bf5a-6abbf2e4fdf6 
2022-04-01 meta 6b19fce7-dd3f-40d5-b810-d82ac6476d82 
2022-04-01 meta 6684f4d0-b0dc-44cf-9376-162e97cb3936 
2022-04-04 meta a1b33a74-3b6e-4689-ad2a-325217dbcc20 
2022-04-04 meta a992af0c-22c5-46da-bc53-e3ee92987eab 
2022-04-04 meta 1b1825c7-f937-43ea-9941-a1fdfa7dfef6 
2022-04-04 meta 406bbecf-bfc2-4f84-9348-df055ca67c64 
2022-04-06 format 9745f50e-0315-4613-aef4-df0fa38552ea 
2022-04-06 munge a67d5caa-ccbf-4e4c-87d3-179691f09df4 
2022-04-06 format e6d01ca6-cd7b-460b-9190-3dba3159d7b0 
2022-04-06 format 69c405bb-ef6b-43d0-b54f-8681ce456d0f 
2022-04-06 format 4951ae89-b53d-481f-ace3-d9fc0f786339 
2022-04-06 format bb9771fc-8504-43fb-b2e5-79d05c2c8d13 
2022-04-06 format c61b5dd1-62dd-413b-b398-0c1a7a8cb0fc 
2022-04-06 munge 40daece1-e920-4181-85b3-22aedb839313 
2022-04-06 format 9cb5a83c-13a9-4ffb-8ae5-e208b83755a0 
2022-04-06 munge 02390119-ac77-467e-8bc6-824cb70666b0 
2022-04-06 munge 61d22166-47ec-4a2c-8832-da65e4237ec6 
2022-04-07 meta 305e8a97-8f1b-439d-85cb-2790e5cd006a 
